2025-08-06 08:18:07 - Starting SftpManagerApplication using Java 17.0.16 with PID 73858 (/Users/williamsanders/NearStar-Code/sftp-management-system/target/classes started by williamsanders in /Users/williamsanders/NearStar-Code/sftp-management-system)
2025-08-06 08:18:07 - No active profile set, falling back to 1 default profile: "default"
2025-08-06 08:18:07 - Bootstrapping Spring Data JPA repositories in DEFAULT mode.
2025-08-06 08:18:07 - Finished Spring Data repository scanning in 22 ms. Found 8 JPA repository interfaces.
2025-08-06 08:18:07 - Tomcat initialized with port 8080 (http)
2025-08-06 08:18:07 - Starting service [Tomcat]
2025-08-06 08:18:07 - Starting Servlet engine: [Apache Tomcat/10.1.16]
2025-08-06 08:18:07 - Initializing Spring embedded WebApplicationContext
2025-08-06 08:18:07 - Root WebApplicationContext: initialization completed in 596 ms
2025-08-06 08:18:07 - SFTPManagerPool - Starting...
2025-08-06 08:18:07 - SFTPManagerPool - Added connection org.mariadb.jdbc.Connection@40bf4386
2025-08-06 08:18:07 - SFTPManagerPool - Start completed.
2025-08-06 08:18:10 - Failed to initialize JPA EntityManagerFactory: Unable to create requested service [org.hibernate.cache.spi.RegionFactory] due to: Unable to resolve name [org.hibernate.cache.jcache.internal.JCacheRegionFactory] as strategy [org.hibernate.cache.spi.RegionFactory]
2025-08-06 08:18:10 - Error starting Tomcat context. Exception: org.springframework.beans.factory.UnsatisfiedDependencyException. Message: Error creating bean with name 'jwtAuthenticationFilter' defined in file [/Users/williamsanders/NearStar-Code/sftp-management-system/target/classes/com/nearstar/sftpmanager/security/JwtAuthenticationFilter.class]: Unsatisfied dependency expressed through constructor parameter 1: Error creating bean with name 'customUserDetailsService' defined in file [/Users/williamsanders/NearStar-Code/sftp-management-system/target/classes/com/nearstar/sftpmanager/security/CustomUserDetailsService.class]: Unsatisfied dependency expressed through constructor parameter 0: Error creating bean with name 'userRepository' defined in com.nearstar.sftpmanager.repository.UserRepository defined in @EnableJpaRepositories declared on DatabaseConfig: Cannot resolve reference to bean 'jpaSharedEM_entityManagerFactory' while setting bean property 'entityManager'
2025-08-06 08:18:10 - Stopping service [Tomcat]
2025-08-06 08:18:10 - The web application [ROOT] appears to have started a thread named [SFTPManagerPool housekeeper] but has failed to stop it. This is very likely to create a memory leak. Stack trace of thread:
 java.base@17.0.16/jdk.internal.misc.Unsafe.park(Native Method)
 java.base@17.0.16/java.util.concurrent.locks.LockSupport.parkNanos(LockSupport.java:252)
 java.base@17.0.16/java.util.concurrent.locks.AbstractQueuedSynchronizer$ConditionObject.awaitNanos(AbstractQueuedSynchronizer.java:1679)
 java.base@17.0.16/java.util.concurrent.ScheduledThreadPoolExecutor$DelayedWorkQueue.take(ScheduledThreadPoolExecutor.java:1182)
 java.base@17.0.16/java.util.concurrent.ScheduledThreadPoolExecutor$DelayedWorkQueue.take(ScheduledThreadPoolExecutor.java:899)
 java.base@17.0.16/java.util.concurrent.ThreadPoolExecutor.getTask(ThreadPoolExecutor.java:1062)
 java.base@17.0.16/java.util.concurrent.ThreadPoolExecutor.runWorker(ThreadPoolExecutor.java:1122)
 java.base@17.0.16/java.util.concurrent.ThreadPoolExecutor$Worker.run(ThreadPoolExecutor.java:635)
 java.base@17.0.16/java.lang.Thread.run(Thread.java:840)
2025-08-06 08:18:10 - The web application [ROOT] appears to have started a thread named [SFTPManagerPool connection adder] but has failed to stop it. This is very likely to create a memory leak. Stack trace of thread:
 java.base@17.0.16/jdk.internal.misc.Unsafe.park(Native Method)
 java.base@17.0.16/java.util.concurrent.locks.LockSupport.parkNanos(LockSupport.java:252)
 java.base@17.0.16/java.util.concurrent.locks.AbstractQueuedSynchronizer$ConditionObject.awaitNanos(AbstractQueuedSynchronizer.java:1679)
 java.base@17.0.16/java.util.concurrent.LinkedBlockingQueue.poll(LinkedBlockingQueue.java:460)
 java.base@17.0.16/java.util.concurrent.ThreadPoolExecutor.getTask(ThreadPoolExecutor.java:1061)
 java.base@17.0.16/java.util.concurrent.ThreadPoolExecutor.runWorker(ThreadPoolExecutor.java:1122)
 java.base@17.0.16/java.util.concurrent.ThreadPoolExecutor$Worker.run(ThreadPoolExecutor.java:635)
 java.base@17.0.16/java.lang.Thread.run(Thread.java:840)
2025-08-06 08:18:10 - Exception encountered during context initialization - cancelling refresh attempt: org.springframework.context.ApplicationContextException: Unable to start web server
2025-08-06 08:18:10 - SFTPManagerPool - Shutdown initiated...
2025-08-06 08:18:10 - SFTPManagerPool - Shutdown completed.
2025-08-06 08:18:10 - 

Error starting ApplicationContext. To display the condition evaluation report re-run your application with 'debug' enabled.
2025-08-06 08:18:10 - Application run failed
org.springframework.context.ApplicationContextException: Unable to start web server
	at org.springframework.boot.web.servlet.context.ServletWebServerApplicationContext.onRefresh(ServletWebServerApplicationContext.java:165)
	at org.springframework.context.support.AbstractApplicationContext.refresh(AbstractApplicationContext.java:610)
	at org.springframework.boot.web.servlet.context.ServletWebServerApplicationContext.refresh(ServletWebServerApplicationContext.java:146)
	at org.springframework.boot.SpringApplication.refresh(SpringApplication.java:753)
	at org.springframework.boot.SpringApplication.refreshContext(SpringApplication.java:455)
	at org.springframework.boot.SpringApplication.run(SpringApplication.java:323)
	at org.springframework.boot.SpringApplication.run(SpringApplication.java:1342)
	at org.springframework.boot.SpringApplication.run(SpringApplication.java:1331)
	at com.nearstar.sftpmanager.SftpManagerApplication.main(SftpManagerApplication.java:16)
Caused by: org.springframework.boot.web.server.WebServerException: Unable to start embedded Tomcat
	at org.springframework.boot.web.embedded.tomcat.TomcatWebServer.initialize(TomcatWebServer.java:142)
	at org.springframework.boot.web.embedded.tomcat.TomcatWebServer.<init>(TomcatWebServer.java:104)
	at org.springframework.boot.web.embedded.tomcat.TomcatServletWebServerFactory.getTomcatWebServer(TomcatServletWebServerFactory.java:501)
	at org.springframework.boot.web.embedded.tomcat.TomcatServletWebServerFactory.getWebServer(TomcatServletWebServerFactory.java:218)
	at org.springframework.boot.web.servlet.context.ServletWebServerApplicationContext.createWebServer(ServletWebServerApplicationContext.java:188)
	at org.springframework.boot.web.servlet.context.ServletWebServerApplicationContext.onRefresh(ServletWebServerApplicationContext.java:162)
	... 8 common frames omitted
Caused by: org.springframework.beans.factory.UnsatisfiedDependencyException: Error creating bean with name 'jwtAuthenticationFilter' defined in file [/Users/williamsanders/NearStar-Code/sftp-management-system/target/classes/com/nearstar/sftpmanager/security/JwtAuthenticationFilter.class]: Unsatisfied dependency expressed through constructor parameter 1: Error creating bean with name 'customUserDetailsService' defined in file [/Users/williamsanders/NearStar-Code/sftp-management-system/target/classes/com/nearstar/sftpmanager/security/CustomUserDetailsService.class]: Unsatisfied dependency expressed through constructor parameter 0: Error creating bean with name 'userRepository' defined in com.nearstar.sftpmanager.repository.UserRepository defined in @EnableJpaRepositories declared on DatabaseConfig: Cannot resolve reference to bean 'jpaSharedEM_entityManagerFactory' while setting bean property 'entityManager'
	at org.springframework.beans.factory.support.ConstructorResolver.createArgumentArray(ConstructorResolver.java:802)
	at org.springframework.beans.factory.support.ConstructorResolver.autowireConstructor(ConstructorResolver.java:241)
	at org.springframework.beans.factory.support.AbstractAutowireCapableBeanFactory.autowireConstructor(AbstractAutowireCapableBeanFactory.java:1356)
	at org.springframework.beans.factory.support.AbstractAutowireCapableBeanFactory.createBeanInstance(AbstractAutowireCapableBeanFactory.java:1193)
	at org.springframework.beans.factory.support.AbstractAutowireCapableBeanFactory.doCreateBean(AbstractAutowireCapableBeanFactory.java:563)
	at org.springframework.beans.factory.support.AbstractAutowireCapableBeanFactory.createBean(AbstractAutowireCapableBeanFactory.java:523)
	at org.springframework.beans.factory.support.AbstractBeanFactory.lambda$doGetBean$0(AbstractBeanFactory.java:325)
	at org.springframework.beans.factory.support.DefaultSingletonBeanRegistry.getSingleton(DefaultSingletonBeanRegistry.java:234)
	at org.springframework.beans.factory.support.AbstractBeanFactory.doGetBean(AbstractBeanFactory.java:323)
	at org.springframework.beans.factory.support.AbstractBeanFactory.getBean(AbstractBeanFactory.java:204)
	at org.springframework.boot.web.servlet.ServletContextInitializerBeans.getOrderedBeansOfType(ServletContextInitializerBeans.java:210)
	at org.springframework.boot.web.servlet.ServletContextInitializerBeans.addAsRegistrationBean(ServletContextInitializerBeans.java:173)
	at org.springframework.boot.web.servlet.ServletContextInitializerBeans.addAsRegistrationBean(ServletContextInitializerBeans.java:168)
	at org.springframework.boot.web.servlet.ServletContextInitializerBeans.addAdaptableBeans(ServletContextInitializerBeans.java:153)
	at org.springframework.boot.web.servlet.ServletContextInitializerBeans.<init>(ServletContextInitializerBeans.java:86)
	at org.springframework.boot.web.servlet.context.ServletWebServerApplicationContext.getServletContextInitializerBeans(ServletWebServerApplicationContext.java:266)
	at org.springframework.boot.web.servlet.context.ServletWebServerApplicationContext.selfInitialize(ServletWebServerApplicationContext.java:240)
	at org.springframework.boot.web.embedded.tomcat.TomcatStarter.onStartup(TomcatStarter.java:52)
	at org.apache.catalina.core.StandardContext.startInternal(StandardContext.java:4850)
	at org.apache.catalina.util.LifecycleBase.start(LifecycleBase.java:171)
	at org.apache.catalina.core.ContainerBase$StartChild.call(ContainerBase.java:1332)
	at org.apache.catalina.core.ContainerBase$StartChild.call(ContainerBase.java:1322)
	at java.base/java.util.concurrent.FutureTask.run(FutureTask.java:264)
	at org.apache.tomcat.util.threads.InlineExecutorService.execute(InlineExecutorService.java:75)
	at java.base/java.util.concurrent.AbstractExecutorService.submit(AbstractExecutorService.java:145)
	at org.apache.catalina.core.ContainerBase.startInternal(ContainerBase.java:866)
	at org.apache.catalina.core.StandardHost.startInternal(StandardHost.java:845)
	at org.apache.catalina.util.LifecycleBase.start(LifecycleBase.java:171)
	at org.apache.catalina.core.ContainerBase$StartChild.call(ContainerBase.java:1332)
	at org.apache.catalina.core.ContainerBase$StartChild.call(ContainerBase.java:1322)
	at java.base/java.util.concurrent.FutureTask.run(FutureTask.java:264)
	at org.apache.tomcat.util.threads.InlineExecutorService.execute(InlineExecutorService.java:75)
	at java.base/java.util.concurrent.AbstractExecutorService.submit(AbstractExecutorService.java:145)
	at org.apache.catalina.core.ContainerBase.startInternal(ContainerBase.java:866)
	at org.apache.catalina.core.StandardEngine.startInternal(StandardEngine.java:240)
	at org.apache.catalina.util.LifecycleBase.start(LifecycleBase.java:171)
	at org.apache.catalina.core.StandardService.startInternal(StandardService.java:433)
	at org.apache.catalina.util.LifecycleBase.start(LifecycleBase.java:171)
	at org.apache.catalina.core.StandardServer.startInternal(StandardServer.java:917)
	at org.apache.catalina.util.LifecycleBase.start(LifecycleBase.java:171)
	at org.apache.catalina.startup.Tomcat.start(Tomcat.java:488)
	at org.springframework.boot.web.embedded.tomcat.TomcatWebServer.initialize(TomcatWebServer.java:123)
	... 13 common frames omitted
Caused by: org.springframework.beans.factory.UnsatisfiedDependencyException: Error creating bean with name 'customUserDetailsService' defined in file [/Users/williamsanders/NearStar-Code/sftp-management-system/target/classes/com/nearstar/sftpmanager/security/CustomUserDetailsService.class]: Unsatisfied dependency expressed through constructor parameter 0: Error creating bean with name 'userRepository' defined in com.nearstar.sftpmanager.repository.UserRepository defined in @EnableJpaRepositories declared on DatabaseConfig: Cannot resolve reference to bean 'jpaSharedEM_entityManagerFactory' while setting bean property 'entityManager'
	at org.springframework.beans.factory.support.ConstructorResolver.createArgumentArray(ConstructorResolver.java:802)
	at org.springframework.beans.factory.support.ConstructorResolver.autowireConstructor(ConstructorResolver.java:241)
	at org.springframework.beans.factory.support.AbstractAutowireCapableBeanFactory.autowireConstructor(AbstractAutowireCapableBeanFactory.java:1356)
	at org.springframework.beans.factory.support.AbstractAutowireCapableBeanFactory.createBeanInstance(AbstractAutowireCapableBeanFactory.java:1193)
	at org.springframework.beans.factory.support.AbstractAutowireCapableBeanFactory.doCreateBean(AbstractAutowireCapableBeanFactory.java:563)
	at org.springframework.beans.factory.support.AbstractAutowireCapableBeanFactory.createBean(AbstractAutowireCapableBeanFactory.java:523)
	at org.springframework.beans.factory.support.AbstractBeanFactory.lambda$doGetBean$0(AbstractBeanFactory.java:325)
	at org.springframework.beans.factory.support.DefaultSingletonBeanRegistry.getSingleton(DefaultSingletonBeanRegistry.java:234)
	at org.springframework.beans.factory.support.AbstractBeanFactory.doGetBean(AbstractBeanFactory.java:323)
	at org.springframework.beans.factory.support.AbstractBeanFactory.getBean(AbstractBeanFactory.java:199)
	at org.springframework.beans.factory.config.DependencyDescriptor.resolveCandidate(DependencyDescriptor.java:254)
	at org.springframework.beans.factory.support.DefaultListableBeanFactory.doResolveDependency(DefaultListableBeanFactory.java:1441)
	at org.springframework.beans.factory.support.DefaultListableBeanFactory.resolveDependency(DefaultListableBeanFactory.java:1348)
	at org.springframework.beans.factory.support.ConstructorResolver.resolveAutowiredArgument(ConstructorResolver.java:911)
	at org.springframework.beans.factory.support.ConstructorResolver.createArgumentArray(ConstructorResolver.java:789)
	... 54 common frames omitted
Caused by: org.springframework.beans.factory.BeanCreationException: Error creating bean with name 'userRepository' defined in com.nearstar.sftpmanager.repository.UserRepository defined in @EnableJpaRepositories declared on DatabaseConfig: Cannot resolve reference to bean 'jpaSharedEM_entityManagerFactory' while setting bean property 'entityManager'
	at org.springframework.beans.factory.support.BeanDefinitionValueResolver.resolveReference(BeanDefinitionValueResolver.java:377)
	at org.springframework.beans.factory.support.BeanDefinitionValueResolver.resolveValueIfNecessary(BeanDefinitionValueResolver.java:135)
	at org.springframework.beans.factory.support.AbstractAutowireCapableBeanFactory.applyPropertyValues(AbstractAutowireCapableBeanFactory.java:1686)
	at org.springframework.beans.factory.support.AbstractAutowireCapableBeanFactory.populateBean(AbstractAutowireCapableBeanFactory.java:1435)
	at org.springframework.beans.factory.support.AbstractAutowireCapableBeanFactory.doCreateBean(AbstractAutowireCapableBeanFactory.java:600)
	at org.springframework.beans.factory.support.AbstractAutowireCapableBeanFactory.createBean(AbstractAutowireCapableBeanFactory.java:523)
	at org.springframework.beans.factory.support.AbstractBeanFactory.lambda$doGetBean$0(AbstractBeanFactory.java:325)
	at org.springframework.beans.factory.support.DefaultSingletonBeanRegistry.getSingleton(DefaultSingletonBeanRegistry.java:234)
	at org.springframework.beans.factory.support.AbstractBeanFactory.doGetBean(AbstractBeanFactory.java:323)
	at org.springframework.beans.factory.support.AbstractBeanFactory.getBean(AbstractBeanFactory.java:199)
	at org.springframework.beans.factory.config.DependencyDescriptor.resolveCandidate(DependencyDescriptor.java:254)
	at org.springframework.beans.factory.support.DefaultListableBeanFactory.doResolveDependency(DefaultListableBeanFactory.java:1441)
	at org.springframework.beans.factory.support.DefaultListableBeanFactory.resolveDependency(DefaultListableBeanFactory.java:1348)
	at org.springframework.beans.factory.support.ConstructorResolver.resolveAutowiredArgument(ConstructorResolver.java:911)
	at org.springframework.beans.factory.support.ConstructorResolver.createArgumentArray(ConstructorResolver.java:789)
	... 68 common frames omitted
Caused by: org.springframework.beans.factory.BeanCreationException: Error creating bean with name 'jpaSharedEM_entityManagerFactory': Cannot resolve reference to bean 'entityManagerFactory' while setting constructor argument
	at org.springframework.beans.factory.support.BeanDefinitionValueResolver.resolveReference(BeanDefinitionValueResolver.java:377)
	at org.springframework.beans.factory.support.BeanDefinitionValueResolver.resolveValueIfNecessary(BeanDefinitionValueResolver.java:135)
	at org.springframework.beans.factory.support.ConstructorResolver.resolveConstructorArguments(ConstructorResolver.java:689)
	at org.springframework.beans.factory.support.ConstructorResolver.instantiateUsingFactoryMethod(ConstructorResolver.java:513)
	at org.springframework.beans.factory.support.AbstractAutowireCapableBeanFactory.instantiateUsingFactoryMethod(AbstractAutowireCapableBeanFactory.java:1336)
	at org.springframework.beans.factory.support.AbstractAutowireCapableBeanFactory.createBeanInstance(AbstractAutowireCapableBeanFactory.java:1166)
	at org.springframework.beans.factory.support.AbstractAutowireCapableBeanFactory.doCreateBean(AbstractAutowireCapableBeanFactory.java:563)
	at org.springframework.beans.factory.support.AbstractAutowireCapableBeanFactory.createBean(AbstractAutowireCapableBeanFactory.java:523)
	at org.springframework.beans.factory.support.AbstractBeanFactory.lambda$doGetBean$0(AbstractBeanFactory.java:325)
	at org.springframework.beans.factory.support.DefaultSingletonBeanRegistry.getSingleton(DefaultSingletonBeanRegistry.java:234)
	at org.springframework.beans.factory.support.AbstractBeanFactory.doGetBean(AbstractBeanFactory.java:323)
	at org.springframework.beans.factory.support.AbstractBeanFactory.getBean(AbstractBeanFactory.java:199)
	at org.springframework.beans.factory.support.BeanDefinitionValueResolver.resolveReference(BeanDefinitionValueResolver.java:365)
	... 82 common frames omitted
Caused by: org.springframework.beans.factory.BeanCreationException: Error creating bean with name 'entityManagerFactory' defined in class path resource [com/nearstar/sftpmanager/config/DatabaseConfig.class]: Unable to create requested service [org.hibernate.cache.spi.RegionFactory] due to: Unable to resolve name [org.hibernate.cache.jcache.internal.JCacheRegionFactory] as strategy [org.hibernate.cache.spi.RegionFactory]
	at org.springframework.beans.factory.support.AbstractAutowireCapableBeanFactory.initializeBean(AbstractAutowireCapableBeanFactory.java:1775)
	at org.springframework.beans.factory.support.AbstractAutowireCapableBeanFactory.doCreateBean(AbstractAutowireCapableBeanFactory.java:601)
	at org.springframework.beans.factory.support.AbstractAutowireCapableBeanFactory.createBean(AbstractAutowireCapableBeanFactory.java:523)
	at org.springframework.beans.factory.support.AbstractBeanFactory.lambda$doGetBean$0(AbstractBeanFactory.java:325)
	at org.springframework.beans.factory.support.DefaultSingletonBeanRegistry.getSingleton(DefaultSingletonBeanRegistry.java:234)
	at org.springframework.beans.factory.support.AbstractBeanFactory.doGetBean(AbstractBeanFactory.java:323)
	at org.springframework.beans.factory.support.AbstractBeanFactory.getBean(AbstractBeanFactory.java:199)
	at org.springframework.beans.factory.support.BeanDefinitionValueResolver.resolveReference(BeanDefinitionValueResolver.java:365)
	... 94 common frames omitted
Caused by: org.hibernate.service.spi.ServiceException: Unable to create requested service [org.hibernate.cache.spi.RegionFactory] due to: Unable to resolve name [org.hibernate.cache.jcache.internal.JCacheRegionFactory] as strategy [org.hibernate.cache.spi.RegionFactory]
	at org.hibernate.service.internal.AbstractServiceRegistryImpl.createService(AbstractServiceRegistryImpl.java:276)
	at org.hibernate.service.internal.AbstractServiceRegistryImpl.initializeService(AbstractServiceRegistryImpl.java:238)
	at org.hibernate.service.internal.AbstractServiceRegistryImpl.getService(AbstractServiceRegistryImpl.java:215)
	at org.hibernate.boot.internal.MetadataBuilderImpl$MetadataBuildingOptionsImpl.<init>(MetadataBuilderImpl.java:708)
	at org.hibernate.boot.internal.MetadataBuilderImpl.<init>(MetadataBuilderImpl.java:140)
	at org.hibernate.boot.MetadataSources.getMetadataBuilder(MetadataSources.java:164)
	at org.hibernate.jpa.boot.internal.EntityManagerFactoryBuilderImpl.<init>(EntityManagerFactoryBuilderImpl.java:277)
	at org.hibernate.jpa.boot.internal.EntityManagerFactoryBuilderImpl.<init>(EntityManagerFactoryBuilderImpl.java:198)
	at org.springframework.orm.jpa.vendor.SpringHibernateJpaPersistenceProvider.createContainerEntityManagerFactory(SpringHibernateJpaPersistenceProvider.java:63)
	at org.springframework.orm.jpa.LocalContainerEntityManagerFactoryBean.createNativeEntityManagerFactory(LocalContainerEntityManagerFactoryBean.java:376)
	at org.springframework.orm.jpa.AbstractEntityManagerFactoryBean.buildNativeEntityManagerFactory(AbstractEntityManagerFactoryBean.java:409)
	at org.springframework.orm.jpa.AbstractEntityManagerFactoryBean.afterPropertiesSet(AbstractEntityManagerFactoryBean.java:396)
	at org.springframework.orm.jpa.LocalContainerEntityManagerFactoryBean.afterPropertiesSet(LocalContainerEntityManagerFactoryBean.java:352)
	at org.springframework.beans.factory.support.AbstractAutowireCapableBeanFactory.invokeInitMethods(AbstractAutowireCapableBeanFactory.java:1822)
	at org.springframework.beans.factory.support.AbstractAutowireCapableBeanFactory.initializeBean(AbstractAutowireCapableBeanFactory.java:1771)
	... 101 common frames omitted
Caused by: org.hibernate.boot.registry.selector.spi.StrategySelectionException: Unable to resolve name [org.hibernate.cache.jcache.internal.JCacheRegionFactory] as strategy [org.hibernate.cache.spi.RegionFactory]
	at org.hibernate.boot.registry.selector.internal.StrategySelectorImpl.selectStrategyImplementor(StrategySelectorImpl.java:154)
	at org.hibernate.boot.registry.selector.internal.StrategySelectorImpl.resolveStrategy(StrategySelectorImpl.java:236)
	at org.hibernate.boot.registry.selector.internal.StrategySelectorImpl.resolveStrategy(StrategySelectorImpl.java:189)
	at org.hibernate.cache.internal.RegionFactoryInitiator.resolveRegionFactory(RegionFactoryInitiator.java:96)
	at org.hibernate.cache.internal.RegionFactoryInitiator.initiateService(RegionFactoryInitiator.java:47)
	at org.hibernate.cache.internal.RegionFactoryInitiator.initiateService(RegionFactoryInitiator.java:32)
	at org.hibernate.boot.registry.internal.StandardServiceRegistryImpl.initiateService(StandardServiceRegistryImpl.java:129)
	at org.hibernate.service.internal.AbstractServiceRegistryImpl.createService(AbstractServiceRegistryImpl.java:263)
	... 115 common frames omitted
Caused by: org.hibernate.boot.registry.classloading.spi.ClassLoadingException: Unable to load class [org.hibernate.cache.jcache.internal.JCacheRegionFactory]
	at org.hibernate.boot.registry.classloading.internal.ClassLoaderServiceImpl.classForName(ClassLoaderServiceImpl.java:126)
	at org.hibernate.boot.registry.selector.internal.StrategySelectorImpl.selectStrategyImplementor(StrategySelectorImpl.java:150)
	... 122 common frames omitted
Caused by: java.lang.ClassNotFoundException: Could not load requested class : org.hibernate.cache.jcache.internal.JCacheRegionFactory
	at org.hibernate.boot.registry.classloading.internal.AggregatedClassLoader.findClass(AggregatedClassLoader.java:216)
	at java.base/java.lang.ClassLoader.loadClass(ClassLoader.java:592)
	at java.base/java.lang.ClassLoader.loadClass(ClassLoader.java:525)
	at java.base/java.lang.Class.forName0(Native Method)
	at java.base/java.lang.Class.forName(Class.java:467)
	at org.hibernate.boot.registry.classloading.internal.ClassLoaderServiceImpl.classForName(ClassLoaderServiceImpl.java:123)
	... 123 common frames omitted
Caused by: java.lang.Throwable: null
	at org.hibernate.boot.registry.classloading.internal.AggregatedClassLoader.findClass(AggregatedClassLoader.java:209)
	... 128 common frames omitted
	Suppressed: java.lang.ClassNotFoundException: org.hibernate.cache.jcache.internal.JCacheRegionFactory
		at org.springframework.boot.web.embedded.tomcat.TomcatEmbeddedWebappClassLoader.loadClass(TomcatEmbeddedWebappClassLoader.java:72)
		at org.apache.catalina.loader.WebappClassLoaderBase.loadClass(WebappClassLoaderBase.java:1165)
		at org.hibernate.boot.registry.classloading.internal.AggregatedClassLoader.findClass(AggregatedClassLoader.java:206)
		... 128 common frames omitted
	Suppressed: java.lang.ClassNotFoundException: org.hibernate.cache.jcache.internal.JCacheRegionFactory
		at java.base/jdk.internal.loader.BuiltinClassLoader.loadClass(BuiltinClassLoader.java:641)
		at java.base/jdk.internal.loader.ClassLoaders$AppClassLoader.loadClass(ClassLoaders.java:188)
		at java.base/java.lang.ClassLoader.loadClass(ClassLoader.java:525)
		at org.hibernate.boot.registry.classloading.internal.AggregatedClassLoader.findClass(AggregatedClassLoader.java:206)
		... 128 common frames omitted
	Suppressed: java.lang.ClassNotFoundException: org.hibernate.cache.jcache.internal.JCacheRegionFactory
		at org.springframework.boot.web.embedded.tomcat.TomcatEmbeddedWebappClassLoader.loadClass(TomcatEmbeddedWebappClassLoader.java:72)
		at org.apache.catalina.loader.WebappClassLoaderBase.loadClass(WebappClassLoaderBase.java:1165)
		at org.hibernate.boot.registry.classloading.internal.AggregatedClassLoader.findClass(AggregatedClassLoader.java:206)
		... 128 common frames omitted
	Suppressed: java.lang.ClassNotFoundException: org.hibernate.cache.jcache.internal.JCacheRegionFactory
		at java.base/jdk.internal.loader.BuiltinClassLoader.loadClass(BuiltinClassLoader.java:641)
		at java.base/jdk.internal.loader.ClassLoaders$AppClassLoader.loadClass(ClassLoaders.java:188)
		at java.base/java.lang.ClassLoader.loadClass(ClassLoader.java:525)
		at org.hibernate.boot.registry.classloading.internal.AggregatedClassLoader.findClass(AggregatedClassLoader.java:206)
		... 128 common frames omitted
2025-08-06 08:24:48 - Starting SftpManagerApplication using Java 17.0.16 with PID 74299 (/Users/williamsanders/NearStar-Code/sftp-management-system/target/classes started by williamsanders in /Users/williamsanders/NearStar-Code/sftp-management-system)
2025-08-06 08:24:48 - No active profile set, falling back to 1 default profile: "default"
2025-08-06 08:24:48 - Bootstrapping Spring Data JPA repositories in DEFAULT mode.
2025-08-06 08:24:48 - Finished Spring Data repository scanning in 19 ms. Found 8 JPA repository interfaces.
2025-08-06 08:24:48 - Tomcat initialized with port 8080 (http)
2025-08-06 08:24:48 - Starting service [Tomcat]
2025-08-06 08:24:48 - Starting Servlet engine: [Apache Tomcat/10.1.16]
2025-08-06 08:24:48 - Initializing Spring embedded WebApplicationContext
2025-08-06 08:24:48 - Root WebApplicationContext: initialization completed in 546 ms
2025-08-06 08:24:48 - SFTPManagerPool - Starting...
2025-08-06 08:24:49 - SFTPManagerPool - Added connection org.mariadb.jdbc.Connection@54ffa561
2025-08-06 08:24:49 - SFTPManagerPool - Start completed.
2025-08-06 08:24:49 - Error starting Tomcat context. Exception: org.springframework.beans.factory.UnsatisfiedDependencyException. Message: Error creating bean with name 'jwtAuthenticationFilter' defined in file [/Users/williamsanders/NearStar-Code/sftp-management-system/target/classes/com/nearstar/sftpmanager/security/JwtAuthenticationFilter.class]: Unsatisfied dependency expressed through constructor parameter 1: Error creating bean with name 'customUserDetailsService' defined in file [/Users/williamsanders/NearStar-Code/sftp-management-system/target/classes/com/nearstar/sftpmanager/security/CustomUserDetailsService.class]: Unsatisfied dependency expressed through constructor parameter 0: Error creating bean with name 'userRepository' defined in com.nearstar.sftpmanager.repository.UserRepository defined in @EnableJpaRepositories declared on DatabaseConfig: Cannot resolve reference to bean 'jpaSharedEM_entityManagerFactory' while setting bean property 'entityManager'
2025-08-06 08:24:49 - Stopping service [Tomcat]
2025-08-06 08:24:49 - The web application [ROOT] appears to have started a thread named [SFTPManagerPool housekeeper] but has failed to stop it. This is very likely to create a memory leak. Stack trace of thread:
 java.base@17.0.16/jdk.internal.misc.Unsafe.park(Native Method)
 java.base@17.0.16/java.util.concurrent.locks.LockSupport.parkNanos(LockSupport.java:252)
 java.base@17.0.16/java.util.concurrent.locks.AbstractQueuedSynchronizer$ConditionObject.awaitNanos(AbstractQueuedSynchronizer.java:1679)
 java.base@17.0.16/java.util.concurrent.ScheduledThreadPoolExecutor$DelayedWorkQueue.take(ScheduledThreadPoolExecutor.java:1182)
 java.base@17.0.16/java.util.concurrent.ScheduledThreadPoolExecutor$DelayedWorkQueue.take(ScheduledThreadPoolExecutor.java:899)
 java.base@17.0.16/java.util.concurrent.ThreadPoolExecutor.getTask(ThreadPoolExecutor.java:1062)
 java.base@17.0.16/java.util.concurrent.ThreadPoolExecutor.runWorker(ThreadPoolExecutor.java:1122)
 java.base@17.0.16/java.util.concurrent.ThreadPoolExecutor$Worker.run(ThreadPoolExecutor.java:635)
 java.base@17.0.16/java.lang.Thread.run(Thread.java:840)
2025-08-06 08:24:49 - Exception encountered during context initialization - cancelling refresh attempt: org.springframework.context.ApplicationContextException: Unable to start web server
2025-08-06 08:24:49 - 

Error starting ApplicationContext. To display the condition evaluation report re-run your application with 'debug' enabled.
2025-08-06 08:24:49 - 

***************************
APPLICATION FAILED TO START
***************************

Description:

Failed to bind properties under 'spring.datasource.hikari' to javax.sql.DataSource:

    Property: spring.datasource.hikari.pool-name
    Value: "SFTPManagerPool"
    Origin: class path resource [application.properties] - 22:36
    Reason: java.lang.IllegalStateException: The configuration of the pool is sealed once started. Use HikariConfigMXBean for runtime changes.

Action:

Update your application's configuration

2025-08-06 08:42:33 - Starting SftpManagerApplication using Java 17.0.16 with PID 76448 (/Users/williamsanders/NearStar-Code/sftp-management-system/target/classes started by williamsanders in /Users/williamsanders/NearStar-Code/sftp-management-system)
2025-08-06 08:42:33 - No active profile set, falling back to 1 default profile: "default"
2025-08-06 08:42:34 - Bootstrapping Spring Data JPA repositories in DEFAULT mode.
2025-08-06 08:42:34 - Finished Spring Data repository scanning in 18 ms. Found 8 JPA repository interfaces.
2025-08-06 08:42:34 - Tomcat initialized with port 8080 (http)
2025-08-06 08:42:34 - Starting service [Tomcat]
2025-08-06 08:42:34 - Starting Servlet engine: [Apache Tomcat/10.1.16]
2025-08-06 08:42:34 - Initializing Spring embedded WebApplicationContext
2025-08-06 08:42:34 - Root WebApplicationContext: initialization completed in 528 ms
2025-08-06 08:42:34 - SFTPManagerPool - Starting...
2025-08-06 08:42:34 - SFTPManagerPool - Added connection org.mariadb.jdbc.Connection@52bd9a27
2025-08-06 08:42:34 - SFTPManagerPool - Start completed.
2025-08-06 08:42:34 - Error starting Tomcat context. Exception: org.springframework.beans.factory.UnsatisfiedDependencyException. Message: Error creating bean with name 'jwtAuthenticationFilter' defined in file [/Users/williamsanders/NearStar-Code/sftp-management-system/target/classes/com/nearstar/sftpmanager/security/JwtAuthenticationFilter.class]: Unsatisfied dependency expressed through constructor parameter 1: Error creating bean with name 'customUserDetailsService' defined in file [/Users/williamsanders/NearStar-Code/sftp-management-system/target/classes/com/nearstar/sftpmanager/security/CustomUserDetailsService.class]: Unsatisfied dependency expressed through constructor parameter 0: Error creating bean with name 'userRepository' defined in com.nearstar.sftpmanager.repository.UserRepository defined in @EnableJpaRepositories declared on DatabaseConfig: Cannot resolve reference to bean 'jpaSharedEM_entityManagerFactory' while setting bean property 'entityManager'
2025-08-06 08:42:34 - Stopping service [Tomcat]
2025-08-06 08:42:34 - The web application [ROOT] appears to have started a thread named [SFTPManagerPool housekeeper] but has failed to stop it. This is very likely to create a memory leak. Stack trace of thread:
 java.base@17.0.16/jdk.internal.misc.Unsafe.park(Native Method)
 java.base@17.0.16/java.util.concurrent.locks.LockSupport.parkNanos(LockSupport.java:252)
 java.base@17.0.16/java.util.concurrent.locks.AbstractQueuedSynchronizer$ConditionObject.awaitNanos(AbstractQueuedSynchronizer.java:1679)
 java.base@17.0.16/java.util.concurrent.ScheduledThreadPoolExecutor$DelayedWorkQueue.take(ScheduledThreadPoolExecutor.java:1182)
 java.base@17.0.16/java.util.concurrent.ScheduledThreadPoolExecutor$DelayedWorkQueue.take(ScheduledThreadPoolExecutor.java:899)
 java.base@17.0.16/java.util.concurrent.ThreadPoolExecutor.getTask(ThreadPoolExecutor.java:1062)
 java.base@17.0.16/java.util.concurrent.ThreadPoolExecutor.runWorker(ThreadPoolExecutor.java:1122)
 java.base@17.0.16/java.util.concurrent.ThreadPoolExecutor$Worker.run(ThreadPoolExecutor.java:635)
 java.base@17.0.16/java.lang.Thread.run(Thread.java:840)
2025-08-06 08:42:34 - Exception encountered during context initialization - cancelling refresh attempt: org.springframework.context.ApplicationContextException: Unable to start web server
2025-08-06 08:42:34 - 

Error starting ApplicationContext. To display the condition evaluation report re-run your application with 'debug' enabled.
2025-08-06 08:42:34 - 

***************************
APPLICATION FAILED TO START
***************************

Description:

Failed to bind properties under 'spring.datasource.hikari' to javax.sql.DataSource:

    Property: spring.datasource.hikari.pool-name
    Value: "SFTPManagerPool"
    Origin: class path resource [application.properties] - 25:35
    Reason: java.lang.IllegalStateException: The configuration of the pool is sealed once started. Use HikariConfigMXBean for runtime changes.

Action:

Update your application's configuration

2025-08-06 08:45:16 - Starting SftpManagerApplication using Java 17.0.16 with PID 76549 (/Users/williamsanders/NearStar-Code/sftp-management-system/target/classes started by williamsanders in /Users/williamsanders/NearStar-Code/sftp-management-system)
2025-08-06 08:45:16 - No active profile set, falling back to 1 default profile: "default"
2025-08-06 08:45:16 - Bootstrapping Spring Data JPA repositories in DEFAULT mode.
2025-08-06 08:45:16 - Finished Spring Data repository scanning in 20 ms. Found 8 JPA repository interfaces.
2025-08-06 08:45:17 - Tomcat initialized with port 8080 (http)
2025-08-06 08:45:17 - Starting service [Tomcat]
2025-08-06 08:45:17 - Starting Servlet engine: [Apache Tomcat/10.1.16]
2025-08-06 08:45:17 - Initializing Spring embedded WebApplicationContext
2025-08-06 08:45:17 - Root WebApplicationContext: initialization completed in 573 ms
2025-08-06 08:45:17 - SFTPManagerPool - Starting...
2025-08-06 08:45:17 - SFTPManagerPool - Added connection org.mariadb.jdbc.Connection@19b07407
2025-08-06 08:45:17 - SFTPManagerPool - Start completed.
2025-08-06 08:45:17 - Error starting Tomcat context. Exception: org.springframework.beans.factory.UnsatisfiedDependencyException. Message: Error creating bean with name 'jwtAuthenticationFilter' defined in file [/Users/williamsanders/NearStar-Code/sftp-management-system/target/classes/com/nearstar/sftpmanager/security/JwtAuthenticationFilter.class]: Unsatisfied dependency expressed through constructor parameter 1: Error creating bean with name 'customUserDetailsService' defined in file [/Users/williamsanders/NearStar-Code/sftp-management-system/target/classes/com/nearstar/sftpmanager/security/CustomUserDetailsService.class]: Unsatisfied dependency expressed through constructor parameter 0: Error creating bean with name 'userRepository' defined in com.nearstar.sftpmanager.repository.UserRepository defined in @EnableJpaRepositories declared on DatabaseConfig: Cannot resolve reference to bean 'jpaSharedEM_entityManagerFactory' while setting bean property 'entityManager'
2025-08-06 08:45:17 - Stopping service [Tomcat]
2025-08-06 08:45:17 - The web application [ROOT] appears to have started a thread named [SFTPManagerPool housekeeper] but has failed to stop it. This is very likely to create a memory leak. Stack trace of thread:
 java.base@17.0.16/jdk.internal.misc.Unsafe.park(Native Method)
 java.base@17.0.16/java.util.concurrent.locks.LockSupport.parkNanos(LockSupport.java:252)
 java.base@17.0.16/java.util.concurrent.locks.AbstractQueuedSynchronizer$ConditionObject.awaitNanos(AbstractQueuedSynchronizer.java:1679)
 java.base@17.0.16/java.util.concurrent.ScheduledThreadPoolExecutor$DelayedWorkQueue.take(ScheduledThreadPoolExecutor.java:1182)
 java.base@17.0.16/java.util.concurrent.ScheduledThreadPoolExecutor$DelayedWorkQueue.take(ScheduledThreadPoolExecutor.java:899)
 java.base@17.0.16/java.util.concurrent.ThreadPoolExecutor.getTask(ThreadPoolExecutor.java:1062)
 java.base@17.0.16/java.util.concurrent.ThreadPoolExecutor.runWorker(ThreadPoolExecutor.java:1122)
 java.base@17.0.16/java.util.concurrent.ThreadPoolExecutor$Worker.run(ThreadPoolExecutor.java:635)
 java.base@17.0.16/java.lang.Thread.run(Thread.java:840)
2025-08-06 08:45:17 - Exception encountered during context initialization - cancelling refresh attempt: org.springframework.context.ApplicationContextException: Unable to start web server
2025-08-06 08:45:17 - 

Error starting ApplicationContext. To display the condition evaluation report re-run your application with 'debug' enabled.
2025-08-06 08:45:17 - 

***************************
APPLICATION FAILED TO START
***************************

Description:

Failed to bind properties under 'spring.datasource.hikari' to javax.sql.DataSource:

    Property: spring.datasource.hikari.pool-name
    Value: "SFTPManagerPool"
    Origin: class path resource [application.properties] - 23:35
    Reason: java.lang.IllegalStateException: The configuration of the pool is sealed once started. Use HikariConfigMXBean for runtime changes.

Action:

Update your application's configuration

2025-08-06 08:48:04 - Starting SftpManagerApplication using Java 17.0.16 with PID 76616 (/Users/williamsanders/NearStar-Code/sftp-management-system/target/classes started by williamsanders in /Users/williamsanders/NearStar-Code/sftp-management-system)
2025-08-06 08:48:04 - No active profile set, falling back to 1 default profile: "default"
2025-08-06 08:48:04 - Bootstrapping Spring Data JPA repositories in DEFAULT mode.
2025-08-06 08:48:04 - Finished Spring Data repository scanning in 19 ms. Found 8 JPA repository interfaces.
2025-08-06 08:48:05 - Tomcat initialized with port 8080 (http)
2025-08-06 08:48:05 - Starting service [Tomcat]
2025-08-06 08:48:05 - Starting Servlet engine: [Apache Tomcat/10.1.16]
2025-08-06 08:48:05 - Initializing Spring embedded WebApplicationContext
2025-08-06 08:48:05 - Root WebApplicationContext: initialization completed in 544 ms
2025-08-06 08:48:05 - SFTPManagerPool - Starting...
2025-08-06 08:48:05 - SFTPManagerPool - Added connection org.mariadb.jdbc.Connection@54ffa561
2025-08-06 08:48:05 - SFTPManagerPool - Start completed.
2025-08-06 08:48:05 - Error starting Tomcat context. Exception: org.springframework.beans.factory.UnsatisfiedDependencyException. Message: Error creating bean with name 'jwtAuthenticationFilter' defined in file [/Users/williamsanders/NearStar-Code/sftp-management-system/target/classes/com/nearstar/sftpmanager/security/JwtAuthenticationFilter.class]: Unsatisfied dependency expressed through constructor parameter 1: Error creating bean with name 'customUserDetailsService' defined in file [/Users/williamsanders/NearStar-Code/sftp-management-system/target/classes/com/nearstar/sftpmanager/security/CustomUserDetailsService.class]: Unsatisfied dependency expressed through constructor parameter 0: Error creating bean with name 'userRepository' defined in com.nearstar.sftpmanager.repository.UserRepository defined in @EnableJpaRepositories declared on DatabaseConfig: Cannot resolve reference to bean 'jpaSharedEM_entityManagerFactory' while setting bean property 'entityManager'
2025-08-06 08:48:05 - Stopping service [Tomcat]
2025-08-06 08:48:05 - The web application [ROOT] appears to have started a thread named [SFTPManagerPool housekeeper] but has failed to stop it. This is very likely to create a memory leak. Stack trace of thread:
 java.base@17.0.16/jdk.internal.misc.Unsafe.park(Native Method)
 java.base@17.0.16/java.util.concurrent.locks.LockSupport.parkNanos(LockSupport.java:252)
 java.base@17.0.16/java.util.concurrent.locks.AbstractQueuedSynchronizer$ConditionObject.awaitNanos(AbstractQueuedSynchronizer.java:1679)
 java.base@17.0.16/java.util.concurrent.ScheduledThreadPoolExecutor$DelayedWorkQueue.take(ScheduledThreadPoolExecutor.java:1182)
 java.base@17.0.16/java.util.concurrent.ScheduledThreadPoolExecutor$DelayedWorkQueue.take(ScheduledThreadPoolExecutor.java:899)
 java.base@17.0.16/java.util.concurrent.ThreadPoolExecutor.getTask(ThreadPoolExecutor.java:1062)
 java.base@17.0.16/java.util.concurrent.ThreadPoolExecutor.runWorker(ThreadPoolExecutor.java:1122)
 java.base@17.0.16/java.util.concurrent.ThreadPoolExecutor$Worker.run(ThreadPoolExecutor.java:635)
 java.base@17.0.16/java.lang.Thread.run(Thread.java:840)
2025-08-06 08:48:05 - Exception encountered during context initialization - cancelling refresh attempt: org.springframework.context.ApplicationContextException: Unable to start web server
2025-08-06 08:48:05 - 

Error starting ApplicationContext. To display the condition evaluation report re-run your application with 'debug' enabled.
2025-08-06 08:48:05 - 

***************************
APPLICATION FAILED TO START
***************************

Description:

Failed to bind properties under 'spring.datasource.hikari' to javax.sql.DataSource:

    Property: spring.datasource.hikari.pool-name
    Value: "SFTPManagerPool"
    Origin: class path resource [application.properties] - 23:35
    Reason: java.lang.IllegalStateException: The configuration of the pool is sealed once started. Use HikariConfigMXBean for runtime changes.

Action:

Update your application's configuration

2025-08-06 08:48:43 - Starting SftpManagerApplication using Java 17.0.16 with PID 76650 (/Users/williamsanders/NearStar-Code/sftp-management-system/target/classes started by williamsanders in /Users/williamsanders/NearStar-Code/sftp-management-system)
2025-08-06 08:48:43 - No active profile set, falling back to 1 default profile: "default"
2025-08-06 08:48:43 - Bootstrapping Spring Data JPA repositories in DEFAULT mode.
2025-08-06 08:48:43 - Finished Spring Data repository scanning in 19 ms. Found 8 JPA repository interfaces.
2025-08-06 08:48:43 - Tomcat initialized with port 8080 (http)
2025-08-06 08:48:43 - Starting service [Tomcat]
2025-08-06 08:48:43 - Starting Servlet engine: [Apache Tomcat/10.1.16]
2025-08-06 08:48:43 - Initializing Spring embedded WebApplicationContext
2025-08-06 08:48:43 - Root WebApplicationContext: initialization completed in 540 ms
2025-08-06 08:48:43 - SFTPManagerPool - Starting...
2025-08-06 08:48:43 - SFTPManagerPool - Added connection org.mariadb.jdbc.Connection@49c099b
2025-08-06 08:48:43 - SFTPManagerPool - Start completed.
2025-08-06 08:48:43 - Error starting Tomcat context. Exception: org.springframework.beans.factory.UnsatisfiedDependencyException. Message: Error creating bean with name 'jwtAuthenticationFilter' defined in file [/Users/williamsanders/NearStar-Code/sftp-management-system/target/classes/com/nearstar/sftpmanager/security/JwtAuthenticationFilter.class]: Unsatisfied dependency expressed through constructor parameter 1: Error creating bean with name 'customUserDetailsService' defined in file [/Users/williamsanders/NearStar-Code/sftp-management-system/target/classes/com/nearstar/sftpmanager/security/CustomUserDetailsService.class]: Unsatisfied dependency expressed through constructor parameter 0: Error creating bean with name 'userRepository' defined in com.nearstar.sftpmanager.repository.UserRepository defined in @EnableJpaRepositories declared on DatabaseConfig: Cannot resolve reference to bean 'jpaSharedEM_entityManagerFactory' while setting bean property 'entityManager'
2025-08-06 08:48:43 - Stopping service [Tomcat]
2025-08-06 08:48:43 - The web application [ROOT] appears to have started a thread named [SFTPManagerPool housekeeper] but has failed to stop it. This is very likely to create a memory leak. Stack trace of thread:
 java.base@17.0.16/jdk.internal.misc.Unsafe.park(Native Method)
 java.base@17.0.16/java.util.concurrent.locks.LockSupport.parkNanos(LockSupport.java:252)
 java.base@17.0.16/java.util.concurrent.locks.AbstractQueuedSynchronizer$ConditionObject.awaitNanos(AbstractQueuedSynchronizer.java:1679)
 java.base@17.0.16/java.util.concurrent.ScheduledThreadPoolExecutor$DelayedWorkQueue.take(ScheduledThreadPoolExecutor.java:1182)
 java.base@17.0.16/java.util.concurrent.ScheduledThreadPoolExecutor$DelayedWorkQueue.take(ScheduledThreadPoolExecutor.java:899)
 java.base@17.0.16/java.util.concurrent.ThreadPoolExecutor.getTask(ThreadPoolExecutor.java:1062)
 java.base@17.0.16/java.util.concurrent.ThreadPoolExecutor.runWorker(ThreadPoolExecutor.java:1122)
 java.base@17.0.16/java.util.concurrent.ThreadPoolExecutor$Worker.run(ThreadPoolExecutor.java:635)
 java.base@17.0.16/java.lang.Thread.run(Thread.java:840)
2025-08-06 08:48:43 - Exception encountered during context initialization - cancelling refresh attempt: org.springframework.context.ApplicationContextException: Unable to start web server
2025-08-06 08:48:43 - 

Error starting ApplicationContext. To display the condition evaluation report re-run your application with 'debug' enabled.
2025-08-06 08:48:43 - 

***************************
APPLICATION FAILED TO START
***************************

Description:

Failed to bind properties under 'spring.datasource.hikari' to javax.sql.DataSource:

    Property: spring.datasource.hikari.pool-name
    Value: "SFTPManagerPool"
    Origin: class path resource [application.properties] - 23:35
    Reason: java.lang.IllegalStateException: The configuration of the pool is sealed once started. Use HikariConfigMXBean for runtime changes.

Action:

Update your application's configuration

2025-08-06 08:49:09 - Starting SftpManagerApplication v1.0.0 using Java 17.0.16 with PID 76677 (/Users/williamsanders/NearStar-Code/sftp-management-system/target/sftp-manager.war started by williamsanders in /Users/williamsanders/NearStar-Code/sftp-management-system)
2025-08-06 08:49:09 - No active profile set, falling back to 1 default profile: "default"
2025-08-06 08:49:10 - Bootstrapping Spring Data JPA repositories in DEFAULT mode.
2025-08-06 08:49:10 - Finished Spring Data repository scanning in 21 ms. Found 8 JPA repository interfaces.
2025-08-06 08:49:10 - Tomcat initialized with port 8080 (http)
2025-08-06 08:49:10 - Starting service [Tomcat]
2025-08-06 08:49:10 - Starting Servlet engine: [Apache Tomcat/10.1.16]
2025-08-06 08:49:10 - Initializing Spring embedded WebApplicationContext
2025-08-06 08:49:10 - Root WebApplicationContext: initialization completed in 859 ms
2025-08-06 08:49:10 - SFTPManagerPool - Starting...
2025-08-06 08:49:10 - SFTPManagerPool - Added connection org.mariadb.jdbc.Connection@68ea253b
2025-08-06 08:49:10 - SFTPManagerPool - Start completed.
2025-08-06 08:49:10 - Error starting Tomcat context. Exception: org.springframework.beans.factory.UnsatisfiedDependencyException. Message: Error creating bean with name 'jwtAuthenticationFilter' defined in URL [jar:nested:/Users/williamsanders/NearStar-Code/sftp-management-system/target/sftp-manager.war/!WEB-INF/classes/!/com/nearstar/sftpmanager/security/JwtAuthenticationFilter.class]: Unsatisfied dependency expressed through constructor parameter 1: Error creating bean with name 'customUserDetailsService' defined in URL [jar:nested:/Users/williamsanders/NearStar-Code/sftp-management-system/target/sftp-manager.war/!WEB-INF/classes/!/com/nearstar/sftpmanager/security/CustomUserDetailsService.class]: Unsatisfied dependency expressed through constructor parameter 0: Error creating bean with name 'userRepository' defined in com.nearstar.sftpmanager.repository.UserRepository defined in @EnableJpaRepositories declared on DatabaseConfig: Cannot resolve reference to bean 'jpaSharedEM_entityManagerFactory' while setting bean property 'entityManager'
2025-08-06 08:49:10 - Stopping service [Tomcat]
2025-08-06 08:49:10 - The web application [ROOT] appears to have started a thread named [SFTPManagerPool housekeeper] but has failed to stop it. This is very likely to create a memory leak. Stack trace of thread:
 java.base@17.0.16/jdk.internal.misc.Unsafe.park(Native Method)
 java.base@17.0.16/java.util.concurrent.locks.LockSupport.parkNanos(LockSupport.java:252)
 java.base@17.0.16/java.util.concurrent.locks.AbstractQueuedSynchronizer$ConditionObject.awaitNanos(AbstractQueuedSynchronizer.java:1679)
 java.base@17.0.16/java.util.concurrent.ScheduledThreadPoolExecutor$DelayedWorkQueue.take(ScheduledThreadPoolExecutor.java:1182)
 java.base@17.0.16/java.util.concurrent.ScheduledThreadPoolExecutor$DelayedWorkQueue.take(ScheduledThreadPoolExecutor.java:899)
 java.base@17.0.16/java.util.concurrent.ThreadPoolExecutor.getTask(ThreadPoolExecutor.java:1062)
 java.base@17.0.16/java.util.concurrent.ThreadPoolExecutor.runWorker(ThreadPoolExecutor.java:1122)
 java.base@17.0.16/java.util.concurrent.ThreadPoolExecutor$Worker.run(ThreadPoolExecutor.java:635)
 java.base@17.0.16/java.lang.Thread.run(Thread.java:840)
2025-08-06 08:49:10 - Exception encountered during context initialization - cancelling refresh attempt: org.springframework.context.ApplicationContextException: Unable to start web server
2025-08-06 08:49:10 - 

Error starting ApplicationContext. To display the condition evaluation report re-run your application with 'debug' enabled.
2025-08-06 08:49:10 - 

***************************
APPLICATION FAILED TO START
***************************

Description:

Failed to bind properties under 'spring.datasource.hikari' to javax.sql.DataSource:

    Property: spring.datasource.hikari.pool-name
    Value: "SFTPManagerPool"
    Origin: class path resource [application.properties] - 23:35
    Reason: java.lang.IllegalStateException: The configuration of the pool is sealed once started. Use HikariConfigMXBean for runtime changes.

Action:

Update your application's configuration

